This file contains any messages produced by compilers while
running configure, to aid debugging if configure makes a mistake.

It was created by configure, which was
generated by GNU Autoconf 2.59.  Invocation command line was

  $ ./configure --with-mpi-dir=/home/gabriel/OpenMPI

## --------- ##
## Platform. ##
## --------- ##

hostname = salmon
uname -m = i686
uname -r = 2.6.13-15.8-smp
uname -s = Linux
uname -v = #1 SMP Tue Feb 7 11:07:24 UTC 2006

/usr/bin/uname -p = unknown
/bin/uname -X     = unknown

/bin/arch              = i686
/usr/bin/arch -k       = unknown
/usr/convex/getsysinfo = unknown
hostinfo               = unknown
/bin/machine           = unknown
/usr/bin/oslevel       = unknown
/bin/universe          = unknown

PATH: /home/gabriel/OpenMPI/bin
PATH: /home/gabriel/VTRACE-5.05/bin
PATH: /opt/gcc-4.1/bin/
PATH: /opt/netscape/
PATH: /home/gabriel/OpenMPI/bin
PATH: /home/gabriel/VTRACE-5.05/bin
PATH: /opt/gcc-4.1/bin/
PATH: /opt/netscape/
PATH: /home/gabriel/OpenMPI/bin
PATH: /home/gabriel/VTRACE-5.05/bin
PATH: /opt/gcc-4.1/bin/
PATH: /opt/netscape/
PATH: /usr/local/bin
PATH: /usr/bin
PATH: /usr/X11R6/bin
PATH: /bin
PATH: /usr/games
PATH: /opt/gnome/bin
PATH: /opt/kde3/bin
PATH: /usr/lib/mit/bin
PATH: /usr/lib/mit/sbin


## ----------- ##
## Core tests. ##
## ----------- ##

configure:1336: checking build system type
configure:1354: result: i686-pc-linux-gnu
configure:1362: checking host system type
configure:1376: result: i686-pc-linux-gnu
configure:1384: checking target system type
configure:1398: result: i686-pc-linux-gnu
configure:1461: checking for gcc
configure:1477: found /opt/gcc-4.1/bin//gcc
configure:1487: result: gcc
configure:1731: checking for C compiler version
configure:1734: gcc --version </dev/null >&5
gcc (GCC) 4.1.0
Copyright (C) 2006 Free Software Foundation, Inc.
This is free software; see the source for copying conditions.  There is NO
warranty; not even for MERCHANTABILITY or FITNESS FOR A PARTICULAR PURPOSE.

configure:1737: $? = 0
configure:1739: gcc -v </dev/null >&5
Using built-in specs.
Target: i686-pc-linux-gnu
Configured with: ../gcc-4.1.0/configure --prefix=/opt/gcc-4.1/ --enable-languages=c,c++,fortran,java
Thread model: posix
gcc version 4.1.0
configure:1742: $? = 0
configure:1744: gcc -V </dev/null >&5
gcc: '-V' option must have argument
configure:1747: $? = 1
configure:1770: checking for C compiler default output file name
configure:1773: gcc    conftest.c  >&5
configure:1776: $? = 0
configure:1822: result: a.out
configure:1827: checking whether the C compiler works
configure:1833: ./a.out
configure:1836: $? = 0
configure:1853: result: yes
configure:1860: checking whether we are cross compiling
configure:1862: result: no
configure:1865: checking for suffix of executables
configure:1867: gcc -o conftest    conftest.c  >&5
configure:1870: $? = 0
configure:1895: result: 
configure:1901: checking for suffix of object files
configure:1922: gcc -c   conftest.c >&5
configure:1925: $? = 0
configure:1947: result: o
configure:1951: checking whether we are using the GNU C compiler
configure:1975: gcc -c   conftest.c >&5
configure:1981: $? = 0
configure:1985: test -z 
			 || test ! -s conftest.err
configure:1988: $? = 0
configure:1991: test -s conftest.o
configure:1994: $? = 0
configure:2007: result: yes
configure:2013: checking whether gcc accepts -g
configure:2034: gcc -c -g  conftest.c >&5
configure:2040: $? = 0
configure:2044: test -z 
			 || test ! -s conftest.err
configure:2047: $? = 0
configure:2050: test -s conftest.o
configure:2053: $? = 0
configure:2064: result: yes
configure:2081: checking for gcc option to accept ANSI C
configure:2151: gcc  -c -g -O2  conftest.c >&5
configure:2157: $? = 0
configure:2161: test -z 
			 || test ! -s conftest.err
configure:2164: $? = 0
configure:2167: test -s conftest.o
configure:2170: $? = 0
configure:2188: result: none needed
configure:2206: gcc -c -g -O2  conftest.c >&5
conftest.c:2: error: expected '=', ',', ';', 'asm' or '__attribute__' before 'me'
configure:2212: $? = 1
configure: failed program was:
| #ifndef __cplusplus
|   choke me
| #endif
configure:2397: checking for g++
configure:2413: found /opt/gcc-4.1/bin//g++
configure:2423: result: g++
configure:2439: checking for C++ compiler version
configure:2442: g++ --version </dev/null >&5
g++ (GCC) 4.1.0
Copyright (C) 2006 Free Software Foundation, Inc.
This is free software; see the source for copying conditions.  There is NO
warranty; not even for MERCHANTABILITY or FITNESS FOR A PARTICULAR PURPOSE.

configure:2445: $? = 0
configure:2447: g++ -v </dev/null >&5
Using built-in specs.
Target: i686-pc-linux-gnu
Configured with: ../gcc-4.1.0/configure --prefix=/opt/gcc-4.1/ --enable-languages=c,c++,fortran,java
Thread model: posix
gcc version 4.1.0
configure:2450: $? = 0
configure:2452: g++ -V </dev/null >&5
g++: '-V' option must have argument
configure:2455: $? = 1
configure:2458: checking whether we are using the GNU C++ compiler
configure:2482: g++ -c   conftest.cc >&5
configure:2488: $? = 0
configure:2492: test -z 
			 || test ! -s conftest.err
configure:2495: $? = 0
configure:2498: test -s conftest.o
configure:2501: $? = 0
configure:2514: result: yes
configure:2520: checking whether g++ accepts -g
configure:2541: g++ -c -g  conftest.cc >&5
configure:2547: $? = 0
configure:2551: test -z 
			 || test ! -s conftest.err
configure:2554: $? = 0
configure:2557: test -s conftest.o
configure:2560: $? = 0
configure:2571: result: yes
configure:2613: g++ -c -g -O2  conftest.cc >&5
configure:2619: $? = 0
configure:2623: test -z 
			 || test ! -s conftest.err
configure:2626: $? = 0
configure:2629: test -s conftest.o
configure:2632: $? = 0
configure:2658: g++ -c -g -O2  conftest.cc >&5
conftest.cc: In function 'int main()':
conftest.cc:13: error: 'exit' was not declared in this scope
configure:2664: $? = 1
configure: failed program was:
| /* confdefs.h.  */
| 
| #define PACKAGE_NAME ""
| #define PACKAGE_TARNAME ""
| #define PACKAGE_VERSION ""
| #define PACKAGE_STRING ""
| #define PACKAGE_BUGREPORT ""
| /* end confdefs.h.  */
| 
| int
| main ()
| {
| exit (42);
|   ;
|   return 0;
| }
configure:2613: g++ -c -g -O2  conftest.cc >&5
configure:2619: $? = 0
configure:2623: test -z 
			 || test ! -s conftest.err
configure:2626: $? = 0
configure:2629: test -s conftest.o
configure:2632: $? = 0
configure:2658: g++ -c -g -O2  conftest.cc >&5
configure:2664: $? = 0
configure:2668: test -z 
			 || test ! -s conftest.err
configure:2671: $? = 0
configure:2674: test -s conftest.o
configure:2677: $? = 0
configure:2751: checking for g77
configure:2780: result: no
configure:2751: checking for f77
configure:2780: result: no
configure:2751: checking for xlf
configure:2780: result: no
configure:2751: checking for frt
configure:2780: result: no
configure:2751: checking for pgf77
configure:2780: result: no
configure:2751: checking for fort77
configure:2780: result: no
configure:2751: checking for fl32
configure:2780: result: no
configure:2751: checking for af77
configure:2780: result: no
configure:2751: checking for f90
configure:2780: result: no
configure:2751: checking for xlf90
configure:2780: result: no
configure:2751: checking for pgf90
configure:2780: result: no
configure:2751: checking for epcf90
configure:2780: result: no
configure:2751: checking for f95
configure:2780: result: no
configure:2751: checking for fort
configure:2780: result: no
configure:2751: checking for xlf95
configure:2780: result: no
configure:2751: checking for ifc
configure:2780: result: no
configure:2751: checking for efc
configure:2780: result: no
configure:2751: checking for pgf95
configure:2780: result: no
configure:2751: checking for lf95
configure:2780: result: no
configure:2751: checking for gfortran
configure:2767: found /opt/gcc-4.1/bin//gfortran
configure:2777: result: gfortran
configure:2792: checking for Fortran 77 compiler version
configure:2795: gfortran --version </dev/null >&5
GNU Fortran 95 (GCC) 4.1.0
Copyright (C) 2006 Free Software Foundation, Inc.

GNU Fortran comes with NO WARRANTY, to the extent permitted by law.
You may redistribute copies of GNU Fortran
under the terms of the GNU General Public License.
For more information about these matters, see the file named COPYING

configure:2798: $? = 0
configure:2800: gfortran -v </dev/null >&5
Using built-in specs.
Target: i686-pc-linux-gnu
Configured with: ../gcc-4.1.0/configure --prefix=/opt/gcc-4.1/ --enable-languages=c,c++,fortran,java
Thread model: posix
gcc version 4.1.0
configure:2803: $? = 0
configure:2805: gfortran -V </dev/null >&5
gfortran: '-V' option must have argument
configure:2808: $? = 1
configure:2816: checking whether we are using the GNU Fortran 77 compiler
configure:2830: gfortran -c  conftest.F >&5
configure:2836: $? = 0
configure:2840: test -z 
			 || test ! -s conftest.err
configure:2843: $? = 0
configure:2846: test -s conftest.o
configure:2849: $? = 0
configure:2862: result: yes
configure:2868: checking whether gfortran accepts -g
configure:2880: gfortran -c -g conftest.f >&5
configure:2886: $? = 0
configure:2890: test -z 
			 || test ! -s conftest.err
configure:2893: $? = 0
configure:2896: test -s conftest.o
configure:2899: $? = 0
configure:2911: result: yes
configure:2951: checking for LATENCY main directory
configure:2964: result: /home/gabriel/latency/trunk
configure:2969: checking for MPI install directory
configure:2979: result: /home/gabriel/OpenMPI
configure:2983: checking for MPI include directory
configure:2996: result: /home/gabriel/OpenMPI/include
configure:3000: checking for MPI lib directory
configure:3013: result: /home/gabriel/OpenMPI/lib
configure:3017: checking for MPI binary directory
configure:3030: result: /home/gabriel/OpenMPI/bin
configure:3034: checking for MPI C compiler wrapper
configure:3044: result: mpicc
configure:3048: checking for MPI Fortran 77 compiler wrapper
configure:3058: result: mpif77
configure:3062: checking if we can compile and link a simple MPI program with mpicc
configure:3082: result: yes
configure:3094: checking whether to use MPI I/O for writing output files
configure:3096: result: no
configure:3112: checking whether to use MPI_Alloc_mem for allocating buffers
configure:3114: result: no
configure:3130: checking whether to use MPI name service for connect/accept
configure:3132: result: yes
configure:3148: checking whether to print time to establish dynamic communicators
configure:3150: result: no
configure:3163: checking for number of measurements per short message
configure:3173: result: 10
configure:3177: checking for number of measurements per long message
configure:3187: result: 10
configure:3191: checking for number of tests per measurements for short message
configure:3201: result: 20
configure:3205: checking for number of tests per measurements for long message
configure:3215: result: 10
configure:3219: checking for number of tests for latency measurements
configure:3229: result: 20
configure:3234: checking for maximum short message length
configure:3244: result: 65537
configure:3248: checking for maximum message length
configure:3258: result: 2*1024*1024
configure:3262: checking for message step for large messages
configure:3272: result: 65536
configure:3277: checking for number of measurements per short message in file tests
configure:3287: result: 10
configure:3291: checking for number of measurements per long message in file tests
configure:3301: result: 10
configure:3305: checking for number of tests per measurements for short message in file tests
configure:3315: result: 10
configure:3319: checking for number of tests per measurements for long messages in file tests
configure:3329: result: 5
configure:3333: checking for message step for large messages in file tests
configure:3343: result: 65536
configure:3454: creating ./config.status

## ---------------------- ##
## Running config.status. ##
## ---------------------- ##

This file was extended by config.status, which was
generated by GNU Autoconf 2.59.  Invocation command line was

  CONFIG_FILES    = 
  CONFIG_HEADERS  = 
  CONFIG_LINKS    = 
  CONFIG_COMMANDS = 
  $ ./config.status 

on salmon

config.status:678: creating Makefile.defs
config.status:678: creating include/latconfig.h
config.status:781: creating include/lat_sys.h
config.status:865: include/lat_sys.h is unchanged

## ---------------- ##
## Cache variables. ##
## ---------------- ##

ac_cv_build=i686-pc-linux-gnu
ac_cv_build_alias=i686-pc-linux-gnu
ac_cv_c_compiler_gnu=yes
ac_cv_cxx_compiler_gnu=yes
ac_cv_env_CC_set=
ac_cv_env_CC_value=
ac_cv_env_CFLAGS_set=
ac_cv_env_CFLAGS_value=
ac_cv_env_CPPFLAGS_set=
ac_cv_env_CPPFLAGS_value=
ac_cv_env_CXXFLAGS_set=
ac_cv_env_CXXFLAGS_value=
ac_cv_env_CXX_set=
ac_cv_env_CXX_value=
ac_cv_env_F77_set=
ac_cv_env_F77_value=
ac_cv_env_FFLAGS_set=
ac_cv_env_FFLAGS_value=
ac_cv_env_LDFLAGS_set=
ac_cv_env_LDFLAGS_value=
ac_cv_env_build_alias_set=
ac_cv_env_build_alias_value=
ac_cv_env_host_alias_set=
ac_cv_env_host_alias_value=
ac_cv_env_target_alias_set=
ac_cv_env_target_alias_value=
ac_cv_exeext=
ac_cv_f77_compiler_gnu=yes
ac_cv_host=i686-pc-linux-gnu
ac_cv_host_alias=i686-pc-linux-gnu
ac_cv_objext=o
ac_cv_prog_ac_ct_CC=gcc
ac_cv_prog_ac_ct_CXX=g++
ac_cv_prog_ac_ct_F77=gfortran
ac_cv_prog_cc_g=yes
ac_cv_prog_cc_stdc=
ac_cv_prog_cxx_g=yes
ac_cv_prog_f77_g=yes
ac_cv_target=i686-pc-linux-gnu
ac_cv_target_alias=i686-pc-linux-gnu

## ----------------- ##
## Output variables. ##
## ----------------- ##

CC='gcc'
CFLAGS='-g -O2'
CPPFLAGS=''
CXX='g++'
CXXFLAGS='-g -O2'
DEFS='-DHAVE_CONFIG_H'
ECHO_C=''
ECHO_N='-n'
ECHO_T=''
EXEEXT=''
F77='gfortran'
FFLAGS='-g -O2'
LDFLAGS=''
LIBOBJS=''
LIBS=''
LTLIBOBJS=''
OBJEXT='o'
PACKAGE_BUGREPORT=''
PACKAGE_NAME=''
PACKAGE_STRING=''
PACKAGE_TARNAME=''
PACKAGE_VERSION=''
PATH_SEPARATOR=':'
SHELL='/bin/sh'
ac_ct_CC='gcc'
ac_ct_CXX='g++'
ac_ct_F77='gfortran'
band_file_long_tests='5'
band_file_tests='10'
band_long_tests='10'
band_tests='20'
bindir='${exec_prefix}/bin'
build='i686-pc-linux-gnu'
build_alias=''
build_cpu='i686'
build_os='linux-gnu'
build_vendor='pc'
datadir='${prefix}/share'
exec_prefix='${prefix}'
file_large_step='65536'
host='i686-pc-linux-gnu'
host_alias=''
host_cpu='i686'
host_os='linux-gnu'
host_vendor='pc'
includedir='${prefix}/include'
infodir='${prefix}/info'
large_step='65536'
lat_dir='/home/gabriel/latency/trunk'
lat_tests='20'
libdir='${exec_prefix}/lib'
libexecdir='${exec_prefix}/libexec'
localstatedir='${prefix}/var'
mandir='${prefix}/man'
max_len='2*1024*1024'
max_short_len='65537'
mpi_bin_dir='/home/gabriel/OpenMPI/bin'
mpi_cc='mpicc'
mpi_dir='/home/gabriel/OpenMPI'
mpi_f77='mpif77'
mpi_inc_dir='/home/gabriel/OpenMPI/include'
mpi_lib_dir='/home/gabriel/OpenMPI/lib'
num_file_long_tests='10'
num_file_tests='10'
num_long_tests='10'
num_tests='10'
oldincludedir='/usr/include'
prefix='.'
program_transform_name='s,x,x,'
sbindir='${exec_prefix}/sbin'
sharedstatedir='${prefix}/com'
sysconfdir='${prefix}/etc'
target='i686-pc-linux-gnu'
target_alias=''
target_cpu='i686'
target_os='linux-gnu'
target_vendor='pc'

## ----------- ##
## confdefs.h. ##
## ----------- ##

#define PACKAGE_BUGREPORT ""
#define PACKAGE_NAME ""
#define PACKAGE_STRING ""
#define PACKAGE_TARNAME ""
#define PACKAGE_VERSION ""
#define USE_NAMESERVICE 1
#endif
#ifdef __cplusplus
extern "C" void std::exit (int) throw (); using std::exit;

configure: exit 0
